2026-03-18 21:24:38  git pull: From https://github.com/thluiz/vox-content    af310cd..65cc7b1  main       -> origin/main Updating af310cd..65cc7b1 Fast-forward  2026/03/W12/95-agamenon-voce-vai-morrer.json       |  117 ++  2026/03/W12/95-agamenon-voce-vai-morrer.md         | 1384 +++++++++++++++++  ...-modern-leader-needs-with-panos-malakoudis.json |  138 ++  ...ry-modern-leader-needs-with-panos-malakoudis.md | 1596 ++++++++++++++++++++  4 files changed, 3235 insertions(+)  create mode 100644 2026/03/W12/95-agamenon-voce-vai-morrer.json  create mode 100644 2026/03/W12/95-agamenon-voce-vai-morrer.md  create mode 100644 2026/03/W12/ep76-five-human-competencies-every-modern-leader-needs-with-panos-malakoudis.json  create mode 100644 2026/03/W12/ep76-five-human-competencies-every-modern-leader-needs-with-panos-malakoudis.md
2026-03-18 21:24:38  Scanning episodes...
2026-03-18 21:24:40  Candidates: 700 EN, 720 PT
2026-03-18 21:24:40  Selected 1 episodes
2026-03-18 21:24:40  Processing: DCR: Traits of a Great Developer - Communications Expert
2026-03-18 21:24:42    ERROR for DCR: Traits of a Great Developer - Communications Expert: 
{
  "error": {
    "message": "ep.participants.join is not a function. (In \u0027ep.participants.join(\u0022, \u0022)\u0027, \u0027ep.participants.join\u0027 is undefined)",
    "type": "invalid_request_error"
  }
}
2026-03-18 21:24:42  Done. Processed 1 episodes.
2026-03-18 21:25:38  git pull: Already up to date.
2026-03-18 21:25:38  Scanning episodes...
2026-03-18 21:25:40  Candidates: 700 EN, 720 PT
2026-03-18 21:25:40  Selected 1 episodes
2026-03-18 21:25:40  Processing: 17: Volt and Isomorphism with Ryan Stout, part one
2026-03-18 21:25:49    Got 9 suggestions
2026-03-18 21:25:52    Sent Telegram for 17: Volt and Isomorphism with Ryan Stout, part one
2026-03-18 21:25:52  Done. Processed 1 episodes.
2026-03-18 21:27:38  git pull: Already up to date.
2026-03-18 21:27:38  Scanning episodes...
2026-03-18 21:27:40  Candidates: 700 EN, 720 PT
2026-03-18 21:27:40  Selected 1 episodes
2026-03-18 21:27:40  Processing: 974 END PROCRASTINATION AND LAZINESS NOW - Simple Programmer Podcast
2026-03-18 21:27:47    Got 9 suggestions
2026-03-18 21:27:49    Sent 1 message(s) for 974 END PROCRASTINATION AND LAZINESS NOW - Simple Programmer Podcast
2026-03-18 21:27:49  Done. Processed 1 episodes.
2026-03-18 21:28:34  git pull: Already up to date.
2026-03-18 21:28:34  Scanning episodes...
2026-03-18 21:28:36  Candidates: 700 EN, 720 PT
2026-03-18 21:28:36  Selected 1 episodes
2026-03-18 21:28:36  Processing: Project-Oriented Mindset
2026-03-18 21:28:44    Got 10 suggestions
2026-03-18 21:28:47    Sent 1 message(s) for Project-Oriented Mindset
2026-03-18 21:28:47  Done. Processed 1 episodes.
2026-03-19 06:00:04  git pull: From https://github.com/thluiz/vox-content    65cc7b1..580ac86  main       -> origin/main Updating 65cc7b1..580ac86 Fast-forward  2018/02/W07/projectoriented-mindset.json           |   53 +-  2018/02/W07/projectoriented-mindset.md             |   25 +  ...-para-entender-as-tecnologias-de-registro-.json |   75 +  ...in-para-entender-as-tecnologias-de-registro-.md | 2653 ++++++++++  ...4-a-amazonia-e-o-novo-colonialismo-digital.json |  171 +  ...-54-a-amazonia-e-o-novo-colonialismo-digital.md | 2705 +++++++++++  ...as-tecnologias-da-precarizacao-do-trabalho.json |  123 +  ...e-as-tecnologias-da-precarizacao-do-trabalho.md | 2102 ++++++++  ...-e-as-tecnologias-de-captura-da-subjetivid.json |  133 +  ...ao-e-as-tecnologias-de-captura-da-subjetivid.md | 4952 +++++++++++++++++++  ...ecnopolitica-83-games-politica-e-ideologia.json |  126 +  .../tecnopolitica-83-games-politica-e-ideologia.md | 3529 ++++++++++++++  ...itica-90-pensamento-critico-na-era-digital.json |  124 +  ...olitica-90-pensamento-critico-na-era-digital.md | 3124 ++++++++++++  ...tiplos-dispositivos-de-controle-de-desejos.json |  133 +  ...ultiplos-dispositivos-de-controle-de-desejos.md | 3619 ++++++++++++++  ...politica-128-as-plataformas-produzem-gente.json |  121 +  ...nopolitica-128-as-plataformas-produzem-gente.md | 5071 ++++++++++++++++++++  ...o-aceleracionismo-e-a-crise-do-capitalismo.json |  113 +  ...7-o-aceleracionismo-e-a-crise-do-capitalismo.md | 3409 +++++++++++++  ...a-hacker-fanoniana-ao-colonialismo-digital.json |  162 +  ...ica-hacker-fanoniana-ao-colonialismo-digital.md | 3376 +++++++++++++  ...a-217-fediverso-o-futuro-das-redes-sociais.json |  155 +  ...ica-217-fediverso-o-futuro-das-redes-sociais.md | 1849 +++++++  ...3-como-a-ia-altera-o-ecossistema-semiotico.json |  104 +  ...263-como-a-ia-altera-o-ecossistema-semiotico.md | 1969 ++++++++  26 files changed, 39975 insertions(+), 1 deletion(-)  create mode 100644 2020/02/W06/tecnopolitica-27-blockhain-e-holochain-para-entender-as-tecnologias-de-registro-.json  create mode 100644 2020/02/W06/tecnopolitica-27-blockhain-e-holochain-para-entender-as-tecnologias-de-registro-.md  create mode 100644 2020/08/W32/tecnopolitica-54-a-amazonia-e-o-novo-colonialismo-digital.json  create mode 100644 2020/08/W32/tecnopolitica-54-a-amazonia-e-o-novo-colonialismo-digital.md  create mode 100644 2020/12/W52/tecnopolitica-75-uberizacao-e-as-tecnologias-da-precarizacao-do-trabalho.json  create mode 100644 2020/12/W52/tecnopolitica-75-uberizacao-e-as-tecnologias-da-precarizacao-do-trabalho.md  create mode 100644 2021/03/W10/tecnopolitica-78-a-economia-da-atencao-e-as-tecnologias-de-captura-da-subjetivid.json  create mode 100644 2021/03/W10/tecnopolitica-78-a-economia-da-atencao-e-as-tecnologias-de-captura-da-subjetivid.md  create mode 100644 2021/04/W15/tecnopolitica-83-games-politica-e-ideologia.json  create mode 100644 2021/04/W15/tecnopolitica-83-games-politica-e-ideologia.md  create mode 100644 2021/05/W20/tecnopolitica-90-pensamento-critico-na-era-digital.json  create mode 100644 2021/05/W20/tecnopolitica-90-pensamento-critico-na-era-digital.md  create mode 100644 2021/09/W35/tecnopolitica-108-instagram-e-seus-multiplos-dispositivos-de-controle-de-desejos.json  create mode 100644 2021/09/W35/tecnopolitica-108-instagram-e-seus-multiplos-dispositivos-de-controle-de-desejos.md  create mode 100644 2021/12/W49/tecnopolitica-128-as-plataformas-produzem-gente.json  create mode 100644 2021/12/W49/tecnopolitica-128-as-plataformas-produzem-gente.md  create mode 100644 2022/05/W21/tecnopolitica-147-o-aceleracionismo-e-a-crise-do-capitalismo.json  create mode 100644 2022/05/W21/tecnopolitica-147-o-aceleracionismo-e-a-crise-do-capitalismo.md  create mode 100644 2023/12/W50/tecnopolitica-184-a-critica-hacker-fanoniana-ao-colonialismo-digital.json  create mode 100644 2023/12/W50/tecnopolitica-184-a-critica-hacker-fanoniana-ao-colonialismo-digital.md  create mode 100644 2024/06/W26/tecnopolitica-217-fediverso-o-futuro-das-redes-sociais.json  create mode 100644 2024/06/W26/tecnopolitica-217-fediverso-o-futuro-das-redes-sociais.md  create mode 100644 2026/03/W10/tecnopolitica-263-como-a-ia-altera-o-ecossistema-semiotico.json  create mode 100644 2026/03/W10/tecnopolitica-263-como-a-ia-altera-o-ecossistema-semiotico.md
2026-03-19 06:00:04  Scanning episodes...
2026-03-19 06:00:05  Candidates: 699 EN, 732 PT
2026-03-19 06:00:05  Selected 2 episodes
2026-03-19 06:00:05  Processing: Techniques for People Struggling to Define Their Values
2026-03-19 06:00:15    Got 10 suggestions
2026-03-19 06:00:17    Sent 1 message(s) for Techniques for People Struggling to Define Their Values
2026-03-19 06:00:17  Processing: #História Pirata 156 - O Egito Antigo, com Fábio Frizzo
2026-03-19 06:00:38    Got 18 suggestions
2026-03-19 06:00:40    Sent 1 message(s) for #História Pirata 156 - O Egito Antigo, com Fábio Frizzo
2026-03-19 06:00:40  Done. Processed 2 episodes.
2026-03-20 06:00:02  git pull: Already up to date.
2026-03-20 06:00:02  Scanning episodes...
2026-03-20 06:00:04  Candidates: 705 EN, 731 PT
2026-03-20 06:00:04  Selected 2 episodes
2026-03-20 06:00:04  Processing: Answering Front-End Interview Questions: Call vs. Apply and Integrating Multiple Stylesheets
2026-03-20 06:00:13    Got 10 suggestions
2026-03-20 06:00:15    Sent 1 message(s) for Answering Front-End Interview Questions: Call vs. Apply and Integrating Multiple Stylesheets
2026-03-20 06:00:15  Processing: Liderança técnica global: insights de um VP brasileiro em NY ft Francisco Trindade – Hipsters.Talks #05
2026-03-20 06:00:27    Got 14 suggestions
2026-03-20 06:00:30    Sent 1 message(s) for Liderança técnica global: insights de um VP brasileiro em NY ft Francisco Trindade – Hipsters.Talks #05
2026-03-20 06:00:30  Done. Processed 2 episodes.
2026-03-20 12:19:51  git pull: Already up to date.
2026-03-20 12:19:51  Scanning episodes...
2026-03-20 12:19:52  Candidates: 706 EN, 731 PT
2026-03-20 12:19:52  Selected 1 episodes
2026-03-20 12:19:52  Processing: Management Anti-Patterns - False Homogeneity
2026-03-20 12:20:02    Got 12 suggestions
2026-03-20 12:20:06    Sent 2 message(s) for Management Anti-Patterns - False Homogeneity
2026-03-20 12:20:06  Done. Processed 1 episodes.
2026-03-22 06:00:03  git pull: From https://github.com/thluiz/vox-content    e5ceb15..d1cbb11  main       -> origin/main Updating e5ceb15..d1cbb11 Fast-forward  ...idades-que-estamos-perdendo-na-era-digital.json |  132 +  ...ilidades-que-estamos-perdendo-na-era-digital.md | 9544 ++++++++++++++++++++  .../W12/eh-varzea-084-o-regime-dunningkruger.json  |  136 +  .../03/W12/eh-varzea-084-o-regime-dunningkruger.md | 1409 +++  ...19-com-traducao-a-gueeerrrrra-the-waaaarrr.json |  139 +  ...2619-com-traducao-a-gueeerrrrra-the-waaaarrr.md | 2827 ++++++  ...-que-voce-saiba-sobre-a-revolucao-francesa.json |  132 +  ...em-que-voce-saiba-sobre-a-revolucao-francesa.md | 3844 ++++++++  8 files changed, 18163 insertions(+)  create mode 100644 2026/03/W12/desaprendendo-as-habilidades-que-estamos-perdendo-na-era-digital.json  create mode 100644 2026/03/W12/desaprendendo-as-habilidades-que-estamos-perdendo-na-era-digital.md  create mode 100644 2026/03/W12/eh-varzea-084-o-regime-dunningkruger.json  create mode 100644 2026/03/W12/eh-varzea-084-o-regime-dunningkruger.md  create mode 100644 2026/03/W12/ii-202619-com-traducao-a-gueeerrrrra-the-waaaarrr.json  create mode 100644 2026/03/W12/ii-202619-com-traducao-a-gueeerrrrra-the-waaaarrr.md  create mode 100644 2026/03/W12/tudo-que-professores-querem-que-voce-saiba-sobre-a-revolucao-francesa.json  create mode 100644 2026/03/W12/tudo-que-professores-querem-que-voce-saiba-sobre-a-revolucao-francesa.md
2026-03-22 06:00:03  Scanning episodes...
2026-03-22 06:00:07  Candidates: 703 EN, 736 PT
2026-03-22 06:00:07  Selected 2 episodes
2026-03-22 06:00:07  Processing: #89 - Code That Fits in Your Head - Mark Seemann
2026-03-22 06:00:22    Got 17 suggestions
2026-03-22 06:00:26    Sent 2 message(s) for #89 - Code That Fits in Your Head - Mark Seemann
2026-03-22 06:00:26  Processing: T06E23 Economia I
2026-03-22 06:00:46    Got 20 suggestions
2026-03-22 06:00:51    Sent 2 message(s) for T06E23 Economia I
2026-03-22 06:00:51  Done. Processed 2 episodes.
2026-03-23 06:00:03  git pull: From https://github.com/thluiz/vox-content    0bc0dea..b66d482  main       -> origin/main Updating 0bc0dea..b66d482 Fast-forward  ...ame-designers-workbook-with-bobby-lockhart.json |  145 +  ...-game-designers-workbook-with-bobby-lockhart.md |  848 +++  ...ation-plus-raw-experience-with-mike-rousos.json |  136 +  ...gration-plus-raw-experience-with-mike-rousos.md | 1007 ++++  ...s-for-junior-engineers-with-kat-excellence.json |  122 +  ...des-for-junior-engineers-with-kat-excellence.md |  948 ++++  ...tructures-and-algorithms-with-eric-lippert.json |  121 +  ...-structures-and-algorithms-with-eric-lippert.md |  855 ++++  ...ith-the-pragmatic-programmer-gergely-orosz.json |  122 +  ...-with-the-pragmatic-programmer-gergely-orosz.md | 3659 +++++++++++++  ...e-reviews-with-ai-with-qodos-nnenna-ndukwe.json |  115 +  ...ode-reviews-with-ai-with-qodos-nnenna-ndukwe.md |  975 ++++  ...-the-claw-with-openclaws-peter-steinberger.json |  116 +  ...of-the-claw-with-openclaws-peter-steinberger.md | 1421 +++++  2026/03/W10/agentic-workflows-with-don-syme.json   |  120 +  2026/03/W10/agentic-workflows-with-don-syme.md     |  907 ++++  ...tion-engine-for-science-with-allen-stewart.json |  112 +  ...nition-engine-for-science-with-allen-stewart.md | 1774 +++++++  2026/03/W12/292-masking.json                       |  112 +  2026/03/W12/292-masking.md                         | 1766 +++++++  2026/03/W12/ep-100-what-have-we-learned.json       |  134 +  2026/03/W12/ep-100-what-have-we-learned.md         | 2453 +++++++++  2026/03/W12/episode-225-the-iran-episode.json      |  121 +  2026/03/W12/episode-225-the-iran-episode.md        | 5412 ++++++++++++++++++++  ...mes-after-the-ide-with-amelia-wattenberger.json |  146 +  ...comes-after-the-ide-with-amelia-wattenberger.md | 1183 +++++  26 files changed, 24830 insertions(+)  create mode 100644 2025/10/W42/the-game-designers-workbook-with-bobby-lockhart.json  create mode 100644 2025/10/W42/the-game-designers-workbook-with-bobby-lockhart.md  create mode 100644 2025/10/W43/aipowered-migration-plus-raw-experience-with-mike-rousos.json  create mode 100644 2025/10/W43/aipowered-migration-plus-raw-experience-with-mike-rousos.md  create mode 100644 2025/10/W44/cheat-codes-for-junior-engineers-with-kat-excellence.json  create mode 100644 2025/10/W44/cheat-codes-for-junior-engineers-with-kat-excellence.md  create mode 100644 2026/01/W02/fabulous-adventures-in-data-structures-and-algorithms-with-eric-lippert.json  create mode 100644 2026/01/W02/fabulous-adventures-in-data-structures-and-algorithms-with-eric-lippert.md  create mode 100644 2026/01/W03/where-is-ai-taking-us-with-the-pragmatic-programmer-gergely-orosz.json  create mode 100644 2026/01/W03/where-is-ai-taking-us-with-the-pragmatic-programmer-gergely-orosz.md  create mode 100644 2026/01/W05/kinder-code-reviews-with-ai-with-qodos-nnenna-ndukwe.json  create mode 100644 2026/01/W05/kinder-code-reviews-with-ai-with-qodos-nnenna-ndukwe.md  create mode 100644 2026/02/W07/the-rise-of-the-claw-with-openclaws-peter-steinberger.json  create mode 100644 2026/02/W07/the-rise-of-the-claw-with-openclaws-peter-steinberger.md  create mode 100644 2026/03/W10/agentic-workflows-with-don-syme.json  create mode 100644 2026/03/W10/agentic-workflows-with-don-syme.md  create mode 100644 2026/03/W11/a-cognition-engine-for-science-with-allen-stewart.json  create mode 100644 2026/03/W11/a-cognition-engine-for-science-with-allen-stewart.md  create mode 100644 2026/03/W12/292-masking.json  create mode 100644 2026/03/W12/292-masking.md  create mode 100644 2026/03/W12/ep-100-what-have-we-learned.json  create mode 100644 2026/03/W12/ep-100-what-have-we-learned.md  create mode 100644 2026/03/W12/episode-225-the-iran-episode.json  create mode 100644 2026/03/W12/episode-225-the-iran-episode.md  create mode 100644 2026/03/W12/what-comes-after-the-ide-with-amelia-wattenberger.json  create mode 100644 2026/03/W12/what-comes-after-the-ide-with-amelia-wattenberger.md
2026-03-23 06:00:03  Scanning episodes...
2026-03-23 06:00:05  Candidates: 716 EN, 738 PT
2026-03-23 06:00:05  Selected 2 episodes
2026-03-23 06:00:05  Processing: [Best of 2022] #90 - Clean Craftsmanship - Robert C. Martin (Uncle Bob)
2026-03-23 06:00:14    Got 10 suggestions
2026-03-23 06:00:18    Sent 2 message(s) for [Best of 2022] #90 - Clean Craftsmanship - Robert C. Martin (Uncle Bob)
2026-03-23 06:00:18  Processing: Naruhodo #414 - A educação científica salvará o mundo?
2026-03-23 06:00:30    Got 15 suggestions
2026-03-23 06:00:34    Sent 2 message(s) for Naruhodo #414 - A educação científica salvará o mundo?
2026-03-23 06:00:34  Done. Processed 2 episodes.
2026-03-24 06:00:03  git pull: From https://github.com/thluiz/vox-content    6ef6757..0d20d04  main       -> origin/main Updating 6ef6757..0d20d04 Fast-forward  ...-que-voce-saiba-sobre-a-revolucao-francesa.json | 138 ++++++++++++++++++++-  ...em-que-voce-saiba-sobre-a-revolucao-francesa.md |  35 ++++++  2 files changed, 172 insertions(+), 1 deletion(-)
2026-03-24 06:00:03  Scanning episodes...
2026-03-24 06:00:05  Candidates: 717 EN, 732 PT
2026-03-24 06:00:05  Selected 2 episodes
2026-03-24 06:00:05  Processing: The Web's Next Transition with Kent C. Dodds
2026-03-24 06:00:20    Got 18 suggestions
2026-03-24 06:00:25    Sent 2 message(s) for The Web's Next Transition with Kent C. Dodds
2026-03-24 06:00:25  Processing: AntiCast 316 – Decolonialismo
2026-03-24 06:00:46    Got 19 suggestions
2026-03-24 06:00:50    Sent 2 message(s) for AntiCast 316 – Decolonialismo
2026-03-24 06:00:50  Done. Processed 2 episodes.
2026-03-25 06:00:04  git pull: From https://github.com/thluiz/vox-content    d7bc0c0..bd5f455  main       -> origin/main Updating d7bc0c0..bd5f455 Fast-forward  ...alando-nisso-especial-500-mil-inscritos-fa.json |  172 +  ...-falando-nisso-especial-500-mil-inscritos-fa.md | 5516 +++++++++++++  2026/03/W13/2026-um-problema-continental.json      |   97 +  2026/03/W13/2026-um-problema-continental.md        | 8570 ++++++++++++++++++++  ...ive-the-war-in-iran-much-longer-tej-parikh.json |  130 +  ...rvive-the-war-in-iran-much-longer-tej-parikh.md |  574 ++  6 files changed, 15059 insertions(+)  create mode 100644 2026/03/W13/10-anos-depois-o-que-aprendi-fazendo-falando-nisso-especial-500-mil-inscritos-fa.json  create mode 100644 2026/03/W13/10-anos-depois-o-que-aprendi-fazendo-falando-nisso-especial-500-mil-inscritos-fa.md  create mode 100644 2026/03/W13/2026-um-problema-continental.json  create mode 100644 2026/03/W13/2026-um-problema-continental.md  create mode 100644 2026/03/W13/ai-bubble-wont-survive-the-war-in-iran-much-longer-tej-parikh.json  create mode 100644 2026/03/W13/ai-bubble-wont-survive-the-war-in-iran-much-longer-tej-parikh.md
2026-03-25 06:00:04  Scanning episodes...
2026-03-25 06:00:06  Candidates: 727 EN, 733 PT
2026-03-25 06:00:06  Selected 2 episodes
2026-03-25 06:00:06  Processing: Poison Series: #02 - Indecision
2026-03-25 06:00:13    Got 8 suggestions
2026-03-25 06:00:18    Sent 2 message(s) for Poison Series: #02 - Indecision
2026-03-25 06:00:18  Processing: #05 Filosofia do Design – uma aposta pós-prometeica?
2026-03-25 06:00:34    Got 20 suggestions
2026-03-25 06:00:38    Sent 2 message(s) for #05 Filosofia do Design – uma aposta pós-prometeica?
2026-03-25 06:00:38  Done. Processed 2 episodes.
2026-03-26 06:00:03  git pull: From https://github.com/thluiz/vox-content    7a3660f..c34c329  main       -> origin/main Updating 7a3660f..c34c329 Fast-forward  ...tt-mark-learn-tovibe-coding-for-real-again.json |  119 ++  ...cott-mark-learn-tovibe-coding-for-real-again.md | 1451 ++++++++++++++++++++  2 files changed, 1570 insertions(+)  create mode 100644 2026/03/W13/scott-mark-learn-tovibe-coding-for-real-again.json  create mode 100644 2026/03/W13/scott-mark-learn-tovibe-coding-for-real-again.md
2026-03-26 06:00:03  Scanning episodes...
2026-03-26 06:00:05  Candidates: 728 EN, 737 PT
2026-03-26 06:00:05  Selected 2 episodes
2026-03-26 06:00:05  Processing: Tools To Deal With Layoff Anxiety
2026-03-26 06:00:14    Got 10 suggestions
2026-03-26 06:00:19    Sent 2 message(s) for Tools To Deal With Layoff Anxiety
2026-03-26 06:00:19  Processing: #10 - Macacos e aliens
2026-03-26 06:00:35    Got 16 suggestions
2026-03-26 06:00:39    Sent 2 message(s) for #10 - Macacos e aliens
2026-03-26 06:00:39  Done. Processed 2 episodes.
